C100000001 8123366546 55 C111771004 8123366546 55 17-03-15 01:07:55 12 11 16
C100000001 4996507501 58 C111771005 4996507501 58 17-03-15 02:01:33 7 7 16
C111771006 4996507501 101 C000000000 - - 17-03-15 02:04:45 6 0 1
C100000001 4996507501 58 C111771006 4996507501 58 17-03-15 02:05:30 7 6 16
C100000001 4996507501 58 C111771007 4996507501 58 17-03-15 03:00:42 8 8 16
C100000001 4996507501 58 C111771008 4996507501 58 17-03-15 03:05:22 5 4 16
C100000001 4996507501 58 C111771009 4996507501 58 17-03-15 03:07:03 6 5 16
C100769007 8123276261 412 A929 8123276261 929 17-03-15 08:31:49 20 0 16
C100769007 8123276261 412 A929 8123276261 929 17-03-15 08:32:09 20 0 16
C100769007 8123276261 412 C000000000 - - 17-03-15 08:32:30 0 0 17
C100000001 8123276261 56 C100769008 8123276261 756 17-03-15 08:31:45 50 50 16
C100769008 8123276261 756 C100769007 8123276261 756 17-03-15 08:31:49 46 0 16
C100769007 8123276261 412 A929 8123276261 929 17-03-15 08:32:30 5 0 16
A409 409 63737959 C100000001 8126221555 3737959 17-03-15 08:40:01 45 31 16
A443 443 407 A407 443 407 17-03-15 08:48:03 60 49 16
A407 407 444 A444 407 444 17-03-15 09:02:11 31 15 16
C100768021 8124016981 413 A413 8124016981 413 17-03-15 09:28:28 239 234 16
C100000001 8124016981 52 C100768021 8124016981 752 17-03-15 09:28:27 240 234 16
A413 413 62332365 C100000002 8126221555 2332365 17-03-15 09:36:41 74 0 16
C100000001 4853598655 52 C100768020 4853598655 752 17-03-15 09:43:23 90 83 16
C100768020 4853598655 413 A413 4853598655 413 17-03-15 09:43:23 90 83 16
C100768025 8612195227 444 A444 8612195227 444 17-03-15 10:00:33 4 0 16
C100000001 8612195227 54 C100768025 8612195227 754 17-03-15 10:00:33 272 268 16
C100768025 8612195227 443 A443 8612195227 443 17-03-15 10:00:33 272 268 16
A413 413 89312908507 C100001005 8126221555 89312908507 17-03-15 10:07:23 169 154 16
C100769006 74959880403 436 C000000000 - - 17-03-15 10:24:26 0 0 1
C100000001 74959880403 59 C100769006 74959880403 759 17-03-15 10:24:26 22 0 16
C100769006 74959880403 417 A417 74959880403 417 17-03-15 10:24:26 22 0 16
A900 900 404 A404 900 404 17-03-15 10:25:07 16 10 16
C100768024 4957772656 444 A444 4957772656 444 17-03-15 10:29:15 5 0 16
C100000001 4957772656 54 C100768024 4957772656 754 17-03-15 10:29:15 62 57 16
C100768024 4957772656 443 A443 4957772656 443 17-03-15 10:29:15 62 57 16
A401 401 63268081 C100000003 8126221555 3268081 17-03-15 10:33:37 61 53 16
A401 401 6326800 C000000000 - - 17-03-15 10:34:43 7 0 16
A401 401 63268081 C100000004 8126221555 3268081 17-03-15 10:34:51 19 11 16
A401 401 63268081 C100000001 8126221555 3268081 17-03-15 10:35:22 53 40 16
A401 401 63268081 C100000002 8126221555 3268081 17-03-15 10:36:28 77 66 16
A445 445 64904568 C100000003 8126221555 4904568 17-03-15 10:42:24 122 96 16
A444 444 407 A407 444 407 17-03-15 10:45:59 17 9 16
C100000001 8123264400 55 C100768019 8123264400 755 17-03-15 11:02:36 17 14 31
C100768019 8123264400 902 A902 8123264400 902 17-03-15 11:02:36 17 14 31
A413 413 444 A444 413 444 17-03-15 11:05:06 42 29 16
C100768025 8182454240 444 A444 8182454240 444 17-03-15 11:08:59 4 0 16
A413 413 444 A444 413 444 17-03-15 11:09:09 47 37 16
C100768025 8182454240 443 A443 8182454240 443 17-03-15 11:08:59 95 91 16
C100000001 8182454240 54 C100768025 8182454240 754 17-03-15 11:08:59 95 91 16
A445 445 63245555 C100000004 8126221555 3245555 17-03-15 11:12:03 292 287 16
A417 417 443 A443 417 443 17-03-15 11:20:19 30 19 16
A417 417 - C000000000 - - 17-03-15 11:20:53 1 0 16
C100000001 8123630534 54 C100768024 8123630534 754 17-03-15 11:21:25 4 0 18
C100768024 8123630534 444 A444 8123630534 444 17-03-15 11:21:26 3 0 16
C100768024 8123630534 443 A443 8123630534 443 17-03-15 11:21:26 3 0 16
C100768027 8123630534 445 C000000000 - - 17-03-15 11:21:39 0 0 17
C100768027 8123630534 415 A415 8123630534 415 17-03-15 11:21:39 15 0 16
C100768027 8123630534 445 C000000000 - - 17-03-15 11:21:54 0 0 17
C100768027 8123630534 415 A415 8123630534 415 17-03-15 11:21:54 15 0 16
C100000001 8123630534 53 C100768027 8123630534 753 17-03-15 11:21:39 31 0 16
C100768026 4957772656 445 C000000000 - - 17-03-15 11:22:10 0 0 17
C100768026 4957772656 415 A415 4957772656 415 17-03-15 11:22:10 15 0 16
C100768026 4957772656 445 C000000000 - - 17-03-15 11:22:25 0 0 17
C100000001 4957772656 53 C100768026 4957772656 753 17-03-15 11:22:10 22 0 16
C100768026 4957772656 415 A415 4957772656 415 17-03-15 11:22:25 7 0 16
A417 417 445 A445 417 445 17-03-15 11:20:56 207 197 16
A910 910 417 A417 910 417 17-03-15 11:18:45 293 289 16
C100768027 8123630534 415 A415 8123630534 415 17-03-15 11:27:27 4 0 16
C100768025 4822494666 444 A444 4822494666 444 17-03-15 11:32:06 8 0 16
C100768016 8123264400 902 A902 8123264400 902 17-03-15 11:32:56 11 8 16
C100000003 8123264400 55 C100768016 8123264400 755 17-03-15 11:32:55 12 8 16
C100768025 4822494666 443 A443 4822494666 443 17-03-15 11:32:06 91 83 16
C100000002 4822494666 54 C100768025 4822494666 754 17-03-15 11:32:06 91 83 16
A432 432 412 A929 432 929 17-03-15 11:33:09 51 33 16
A432 432 443 A443 432 443 17-03-15 11:34:00 91 86 16
A443 443 432 A432 443 432 17-03-15 11:28:10 486 481 16
A445 445 443 A443 445 443 17-03-15 11:27:02 509 505 16
C100768027 8123630534 445 A445 8123630534 445 17-03-15 11:27:27 529 525 16
C100000001 8123630534 53 C100768027 8123630534 753 17-03-15 11:27:26 530 525 16
A445 445 444 A444 445 444 17-03-15 11:48:09 128 116 16
A444 444 405 A405 444 405 17-03-15 11:50:28 101 97 16
A902 902 444 A444 902 444 17-03-15 11:50:48 125 116 16
C100768017 8124381460 902 A902 8124381460 902 17-03-15 11:50:34 139 136 16
C100000001 8124381460 55 C100768017 8124381460 755 17-03-15 11:50:34 139 136 16
A414 414 67834119 C100000001 8126221555 7834119 17-03-15 11:56:58 55 47 16
C100000001 8124997599 52 C100768021 8124997599 752 17-03-15 12:00:51 61 56 16
C100768021 8124997599 413 A413 8124997599 413 17-03-15 12:00:51 61 56 16
C100768024 8612773999 444 A444 8612773999 444 17-03-15 12:31:08 6 0 16
A409 409 69389788 C100000002 8123311555 9389788 17-03-15 12:31:25 90 69 16
A443 443 444 A444 443 444 17-03-15 12:31:25 374 368 16
C100768024 8612773999 443 A443 8612773999 443 17-03-15 12:31:08 391 385 16
C100000001 8612773999 54 C100768024 8612773999 754 17-03-15 12:31:08 391 385 16
C111777004 999 412 A929 999 929 17-03-15 12:39:21 2 0 16
C111777004 999 412 A929 999 929 17-03-15 12:39:25 4 0 16
C111777005 999 407 A407 999 407 17-03-15 12:39:30 3 0 16
C111777003 999 405 A405 999 405 17-03-15 12:40:58 1 0 16
A407 407 211 A404 407 404 17-03-15 12:47:29 25 0 16
C111777004 999 412 A929 999 929 17-03-15 12:53:33 3 0 16
C111777004 999 412 A929 999 929 17-03-15 12:53:38 1 0 16
C100768025 8612773999 444 A444 8612773999 444 17-03-15 13:07:21 7 0 16
A443 443 405 A405 443 405 17-03-15 13:06:56 111 109 16
C100768025 8612773999 443 A443 8612773999 443 17-03-15 13:07:21 130 123 16
C100000001 8612773999 54 C100768025 8612773999 754 17-03-15 13:07:21 130 123 16
A902 902 414 A414 902 414 17-03-15 13:17:52 9 6 16
A443 443 412 A929 443 929 17-03-15 13:35:18 20 0 16
C100000001 8124997599 52 C100768020 8124997599 752 17-03-15 13:19:31 1080 1069 16
C100768020 8124997599 413 A413 8124997599 413 17-03-15 13:19:31 1080 1069 16
A413 413 443 A443 413 443 17-03-15 13:19:43 1024 1019 16
A443 443 413 A413 443 413 17-03-15 13:29:41 470 460 16
A443 443 432 A432 443 432 17-03-15 13:35:42 475 470 16
A443 443 432 A432 443 432 17-03-15 13:45:20 46 41 16
A432 432 443 A443 432 443 17-03-15 13:47:07 22 13 16
C100000001 8124016981 50 C100768015 8124016981 750 17-03-15 14:17:12 102 95 16
C100768015 8124016981 900 A900 8124016981 900 17-03-15 14:17:13 101 95 16
A900 900 413 A413 900 413 17-03-15 14:17:43 71 64 16
C100768026 8182463090 415 A415 8182463090 415 17-03-15 14:24:25 5 0 16
C100768027 8123341212 445 C000000000 - - 17-03-15 14:25:37 0 0 17
C100000002 8123341212 53 C100768027 8123341212 753 17-03-15 14:25:37 123 110 16
C100768027 8123341212 415 A415 8123341212 415 17-03-15 14:25:37 123 110 16
A415 415 413 A413 415 413 17-03-15 14:26:09 91 80 16
C100768026 8123341212 445 C000000000 - - 17-03-15 14:27:46 0 0 17
C100768026 8182463090 445 A445 8182463090 445 17-03-15 14:24:25 215 210 16
C100000001 8182463090 53 C100768026 8182463090 753 17-03-15 14:24:25 215 210 16
C100768026 8123341212 415 A415 8123341212 415 17-03-15 14:27:46 15 0 16
C100768026 8123341212 445 A445 8123341212 445 17-03-15 14:28:01 2 0 16
C100000002 8123341212 53 C100768026 8123341212 753 17-03-15 14:27:45 72 54 16
C100768026 8123341212 415 A415 8123341212 415 17-03-15 14:28:01 56 54 16
A415 415 445 A445 415 445 17-03-15 14:28:30 27 18 16
A417 417 63268082 C100000003 8126221555 3268082 17-03-15 14:40:31 27 12 16
